Copyright 1986-2018 Xilinx, Inc. All Rights Reserved.
-----------------------------------------------------------------------------------------------------------------------------------------------
| Tool Version : Vivado v.2018.3 (win64) Build 2405991 Thu Dec  6 23:38:27 MST 2018
| Date         : Sun Aug  2 15:13:30 2020
| Host         : DESKTOP-T2DSQQ1 running 64-bit major release  (build 9200)
| Command      : report_methodology -file crc_methodology_drc_routed.rpt -pb crc_methodology_drc_routed.pb -rpx crc_methodology_drc_routed.rpx
| Design       : crc
| Device       : xc7s15ftgb196-1
| Speed File   : -1
| Design State : Fully Routed
-----------------------------------------------------------------------------------------------------------------------------------------------

Report Methodology

Table of Contents
-----------------
1. REPORT SUMMARY
2. REPORT DETAILS

1. REPORT SUMMARY
-----------------
            Netlist: netlist
          Floorplan: design_1
      Design limits: <entire design considered>
             Max violations: <unlimited>
             Violations found: 71
+-----------+----------+------------------------------+------------+
| Rule      | Severity | Description                  | Violations |
+-----------+----------+------------------------------+------------+
| LUTAR-1   | Warning  | LUT drives async reset alert | 16         |
| TIMING-17 | Warning  | Non-clocked sequential cell  | 47         |
| TIMING-20 | Warning  | Non-clocked latch            | 8          |
+-----------+----------+------------------------------+------------+

2. REPORT DETAILS
-----------------
LUTAR-1#1 Warning
LUT drives async reset alert  
LUT cell temp_reg[16]_LDC_i_1, with 2 or more inputs, drives asynchronous preset/clear pin(s) temp_reg[16]_P/PRE. The LUT may glitch and trigger an unexpected reset, even if it is a properly timed path.
Related violations: <none>

LUTAR-1#2 Warning
LUT drives async reset alert  
LUT cell temp_reg[16]_LDC_i_2, with 2 or more inputs, drives asynchronous preset/clear pin(s) temp_reg[16]_C/CLR, temp_reg[16]_LDC/CLR. The LUT may glitch and trigger an unexpected reset, even if it is a properly timed path.
Related violations: <none>

LUTAR-1#3 Warning
LUT drives async reset alert  
LUT cell temp_reg[17]_LDC_i_1, with 2 or more inputs, drives asynchronous preset/clear pin(s) temp_reg[17]_P/PRE. The LUT may glitch and trigger an unexpected reset, even if it is a properly timed path.
Related violations: <none>

LUTAR-1#4 Warning
LUT drives async reset alert  
LUT cell temp_reg[17]_LDC_i_2, with 2 or more inputs, drives asynchronous preset/clear pin(s) temp_reg[17]_C/CLR, temp_reg[17]_LDC/CLR. The LUT may glitch and trigger an unexpected reset, even if it is a properly timed path.
Related violations: <none>

LUTAR-1#5 Warning
LUT drives async reset alert  
LUT cell temp_reg[18]_LDC_i_1, with 2 or more inputs, drives asynchronous preset/clear pin(s) temp_reg[18]_P/PRE. The LUT may glitch and trigger an unexpected reset, even if it is a properly timed path.
Related violations: <none>

LUTAR-1#6 Warning
LUT drives async reset alert  
LUT cell temp_reg[18]_LDC_i_2, with 2 or more inputs, drives asynchronous preset/clear pin(s) temp_reg[18]_C/CLR, temp_reg[18]_LDC/CLR. The LUT may glitch and trigger an unexpected reset, even if it is a properly timed path.
Related violations: <none>

LUTAR-1#7 Warning
LUT drives async reset alert  
LUT cell temp_reg[19]_LDC_i_1, with 2 or more inputs, drives asynchronous preset/clear pin(s) temp_reg[19]_P/PRE. The LUT may glitch and trigger an unexpected reset, even if it is a properly timed path.
Related violations: <none>

LUTAR-1#8 Warning
LUT drives async reset alert  
LUT cell temp_reg[19]_LDC_i_2, with 2 or more inputs, drives asynchronous preset/clear pin(s) temp_reg[19]_C/CLR, temp_reg[19]_LDC/CLR. The LUT may glitch and trigger an unexpected reset, even if it is a properly timed path.
Related violations: <none>

LUTAR-1#9 Warning
LUT drives async reset alert  
LUT cell temp_reg[20]_LDC_i_1, with 2 or more inputs, drives asynchronous preset/clear pin(s) temp_reg[20]_P/PRE. The LUT may glitch and trigger an unexpected reset, even if it is a properly timed path.
Related violations: <none>

LUTAR-1#10 Warning
LUT drives async reset alert  
LUT cell temp_reg[20]_LDC_i_2, with 2 or more inputs, drives asynchronous preset/clear pin(s) temp_reg[20]_C/CLR, temp_reg[20]_LDC/CLR. The LUT may glitch and trigger an unexpected reset, even if it is a properly timed path.
Related violations: <none>

LUTAR-1#11 Warning
LUT drives async reset alert  
LUT cell temp_reg[21]_LDC_i_1, with 2 or more inputs, drives asynchronous preset/clear pin(s) temp_reg[21]_P/PRE. The LUT may glitch and trigger an unexpected reset, even if it is a properly timed path.
Related violations: <none>

LUTAR-1#12 Warning
LUT drives async reset alert  
LUT cell temp_reg[21]_LDC_i_2, with 2 or more inputs, drives asynchronous preset/clear pin(s) temp_reg[21]_C/CLR, temp_reg[21]_LDC/CLR. The LUT may glitch and trigger an unexpected reset, even if it is a properly timed path.
Related violations: <none>

LUTAR-1#13 Warning
LUT drives async reset alert  
LUT cell temp_reg[22]_LDC_i_1, with 2 or more inputs, drives asynchronous preset/clear pin(s) temp_reg[22]_P/PRE. The LUT may glitch and trigger an unexpected reset, even if it is a properly timed path.
Related violations: <none>

LUTAR-1#14 Warning
LUT drives async reset alert  
LUT cell temp_reg[22]_LDC_i_2, with 2 or more inputs, drives asynchronous preset/clear pin(s) temp_reg[22]_C/CLR, temp_reg[22]_LDC/CLR. The LUT may glitch and trigger an unexpected reset, even if it is a properly timed path.
Related violations: <none>

LUTAR-1#15 Warning
LUT drives async reset alert  
LUT cell temp_reg[23]_LDC_i_1, with 2 or more inputs, drives asynchronous preset/clear pin(s) temp_reg[23]_P/PRE. The LUT may glitch and trigger an unexpected reset, even if it is a properly timed path.
Related violations: <none>

LUTAR-1#16 Warning
LUT drives async reset alert  
LUT cell temp_reg[23]_LDC_i_2, with 2 or more inputs, drives asynchronous preset/clear pin(s) temp_reg[23]_LDC/CLR. The LUT may glitch and trigger an unexpected reset, even if it is a properly timed path.
Related violations: <none>

TIMING-17#1 Warning
Non-clocked sequential cell  
The clock pin crc_reg[0]/C is not reached by a timing clock
Related violations: <none>

TIMING-17#2 Warning
Non-clocked sequential cell  
The clock pin crc_reg[10]/C is not reached by a timing clock
Related violations: <none>

TIMING-17#3 Warning
Non-clocked sequential cell  
The clock pin crc_reg[11]/C is not reached by a timing clock
Related violations: <none>

TIMING-17#4 Warning
Non-clocked sequential cell  
The clock pin crc_reg[12]/C is not reached by a timing clock
Related violations: <none>

TIMING-17#5 Warning
Non-clocked sequential cell  
The clock pin crc_reg[13]/C is not reached by a timing clock
Related violations: <none>

TIMING-17#6 Warning
Non-clocked sequential cell  
The clock pin crc_reg[14]/C is not reached by a timing clock
Related violations: <none>

TIMING-17#7 Warning
Non-clocked sequential cell  
The clock pin crc_reg[15]/C is not reached by a timing clock
Related violations: <none>

TIMING-17#8 Warning
Non-clocked sequential cell  
The clock pin crc_reg[1]/C is not reached by a timing clock
Related violations: <none>

TIMING-17#9 Warning
Non-clocked sequential cell  
The clock pin crc_reg[2]/C is not reached by a timing clock
Related violations: <none>

TIMING-17#10 Warning
Non-clocked sequential cell  
The clock pin crc_reg[3]/C is not reached by a timing clock
Related violations: <none>

TIMING-17#11 Warning
Non-clocked sequential cell  
The clock pin crc_reg[4]/C is not reached by a timing clock
Related violations: <none>

TIMING-17#12 Warning
Non-clocked sequential cell  
The clock pin crc_reg[5]/C is not reached by a timing clock
Related violations: <none>

TIMING-17#13 Warning
Non-clocked sequential cell  
The clock pin crc_reg[6]/C is not reached by a timing clock
Related violations: <none>

TIMING-17#14 Warning
Non-clocked sequential cell  
The clock pin crc_reg[7]/C is not reached by a timing clock
Related violations: <none>

TIMING-17#15 Warning
Non-clocked sequential cell  
The clock pin crc_reg[8]/C is not reached by a timing clock
Related violations: <none>

TIMING-17#16 Warning
Non-clocked sequential cell  
The clock pin crc_reg[9]/C is not reached by a timing clock
Related violations: <none>

TIMING-17#17 Warning
Non-clocked sequential cell  
The clock pin temp_reg[0]/C is not reached by a timing clock
Related violations: <none>

TIMING-17#18 Warning
Non-clocked sequential cell  
The clock pin temp_reg[10]/C is not reached by a timing clock
Related violations: <none>

TIMING-17#19 Warning
Non-clocked sequential cell  
The clock pin temp_reg[11]/C is not reached by a timing clock
Related violations: <none>

TIMING-17#20 Warning
Non-clocked sequential cell  
The clock pin temp_reg[12]/C is not reached by a timing clock
Related violations: <none>

TIMING-17#21 Warning
Non-clocked sequential cell  
The clock pin temp_reg[13]/C is not reached by a timing clock
Related violations: <none>

TIMING-17#22 Warning
Non-clocked sequential cell  
The clock pin temp_reg[14]/C is not reached by a timing clock
Related violations: <none>

TIMING-17#23 Warning
Non-clocked sequential cell  
The clock pin temp_reg[15]/C is not reached by a timing clock
Related violations: <none>

TIMING-17#24 Warning
Non-clocked sequential cell  
The clock pin temp_reg[16]_C/C is not reached by a timing clock
Related violations: <none>

TIMING-17#25 Warning
Non-clocked sequential cell  
The clock pin temp_reg[16]_P/C is not reached by a timing clock
Related violations: <none>

TIMING-17#26 Warning
Non-clocked sequential cell  
The clock pin temp_reg[17]_C/C is not reached by a timing clock
Related violations: <none>

TIMING-17#27 Warning
Non-clocked sequential cell  
The clock pin temp_reg[17]_P/C is not reached by a timing clock
Related violations: <none>

TIMING-17#28 Warning
Non-clocked sequential cell  
The clock pin temp_reg[18]_C/C is not reached by a timing clock
Related violations: <none>

TIMING-17#29 Warning
Non-clocked sequential cell  
The clock pin temp_reg[18]_P/C is not reached by a timing clock
Related violations: <none>

TIMING-17#30 Warning
Non-clocked sequential cell  
The clock pin temp_reg[19]_C/C is not reached by a timing clock
Related violations: <none>

TIMING-17#31 Warning
Non-clocked sequential cell  
The clock pin temp_reg[19]_P/C is not reached by a timing clock
Related violations: <none>

TIMING-17#32 Warning
Non-clocked sequential cell  
The clock pin temp_reg[1]/C is not reached by a timing clock
Related violations: <none>

TIMING-17#33 Warning
Non-clocked sequential cell  
The clock pin temp_reg[20]_C/C is not reached by a timing clock
Related violations: <none>

TIMING-17#34 Warning
Non-clocked sequential cell  
The clock pin temp_reg[20]_P/C is not reached by a timing clock
Related violations: <none>

TIMING-17#35 Warning
Non-clocked sequential cell  
The clock pin temp_reg[21]_C/C is not reached by a timing clock
Related violations: <none>

TIMING-17#36 Warning
Non-clocked sequential cell  
The clock pin temp_reg[21]_P/C is not reached by a timing clock
Related violations: <none>

TIMING-17#37 Warning
Non-clocked sequential cell  
The clock pin temp_reg[22]_C/C is not reached by a timing clock
Related violations: <none>

TIMING-17#38 Warning
Non-clocked sequential cell  
The clock pin temp_reg[22]_P/C is not reached by a timing clock
Related violations: <none>

TIMING-17#39 Warning
Non-clocked sequential cell  
The clock pin temp_reg[23]_P/C is not reached by a timing clock
Related violations: <none>

TIMING-17#40 Warning
Non-clocked sequential cell  
The clock pin temp_reg[2]/C is not reached by a timing clock
Related violations: <none>

TIMING-17#41 Warning
Non-clocked sequential cell  
The clock pin temp_reg[3]/C is not reached by a timing clock
Related violations: <none>

TIMING-17#42 Warning
Non-clocked sequential cell  
The clock pin temp_reg[4]/C is not reached by a timing clock
Related violations: <none>

TIMING-17#43 Warning
Non-clocked sequential cell  
The clock pin temp_reg[5]/C is not reached by a timing clock
Related violations: <none>

TIMING-17#44 Warning
Non-clocked sequential cell  
The clock pin temp_reg[6]/C is not reached by a timing clock
Related violations: <none>

TIMING-17#45 Warning
Non-clocked sequential cell  
The clock pin temp_reg[7]/C is not reached by a timing clock
Related violations: <none>

TIMING-17#46 Warning
Non-clocked sequential cell  
The clock pin temp_reg[8]/C is not reached by a timing clock
Related violations: <none>

TIMING-17#47 Warning
Non-clocked sequential cell  
The clock pin temp_reg[9]/C is not reached by a timing clock
Related violations: <none>

TIMING-20#1 Warning
Non-clocked latch  
The latch temp_reg[16]_LDC cannot be properly analyzed as its control pin temp_reg[16]_LDC/G is not reached by a timing clock
Related violations: <none>

TIMING-20#2 Warning
Non-clocked latch  
The latch temp_reg[17]_LDC cannot be properly analyzed as its control pin temp_reg[17]_LDC/G is not reached by a timing clock
Related violations: <none>

TIMING-20#3 Warning
Non-clocked latch  
The latch temp_reg[18]_LDC cannot be properly analyzed as its control pin temp_reg[18]_LDC/G is not reached by a timing clock
Related violations: <none>

TIMING-20#4 Warning
Non-clocked latch  
The latch temp_reg[19]_LDC cannot be properly analyzed as its control pin temp_reg[19]_LDC/G is not reached by a timing clock
Related violations: <none>

TIMING-20#5 Warning
Non-clocked latch  
The latch temp_reg[20]_LDC cannot be properly analyzed as its control pin temp_reg[20]_LDC/G is not reached by a timing clock
Related violations: <none>

TIMING-20#6 Warning
Non-clocked latch  
The latch temp_reg[21]_LDC cannot be properly analyzed as its control pin temp_reg[21]_LDC/G is not reached by a timing clock
Related violations: <none>

TIMING-20#7 Warning
Non-clocked latch  
The latch temp_reg[22]_LDC cannot be properly analyzed as its control pin temp_reg[22]_LDC/G is not reached by a timing clock
Related violations: <none>

TIMING-20#8 Warning
Non-clocked latch  
The latch temp_reg[23]_LDC cannot be properly analyzed as its control pin temp_reg[23]_LDC/G is not reached by a timing clock
Related violations: <none>


